<?xml version="1.0" encoding="UTF-8"?>
<!-- Generated by org.testng.reporters.JUnitReportReporter -->
<testsuite hostname="DESKTOP-1Q3HBC8" failures="0" tests="4" name="com.facebook.login.FacebookLogin" time="93.233" errors="0" timestamp="2022-02-16T14:41:36 IST" skipped="0">
  <testcase classname="com.facebook.login.FacebookLogin" name="Logerror" time="19.374"/>
  <system-out/>
  <testcase classname="com.facebook.login.FacebookLogin" name="LogError1" time="25.128"/>
  <system-out/>
  <testcase classname="com.facebook.login.FacebookLogin" name="LogError2" time="22.095"/>
  <system-out/>
  <testcase classname="com.facebook.login.FacebookLogin" name="login" time="26.636"/>
  <system-out/>
</testsuite> <!-- com.facebook.login.FacebookLogin -->
